<?xml version="1.0" encoding="UTF-8"?>
<testsuite xmlns:xsi="http://www.w3.org/2001/XMLSchema-instance" xsi:noNamespaceSchemaLocation="https://maven.apache.org/surefire/maven-surefire-plugin/xsd/surefire-test-report-3.0.xsd" version="3.0" name="de.homelabs.sandbox.SandboxApplicationTests" time="1.421" tests="1" errors="0" skipped="0" failures="0">
  <properties>
[...]
</properties>
  <testcase name="contextLoads" classname="de.homelabs.sandbox.SandboxApplicationTests" time="0.432">
    <system-out><![CDATA[11:26:10.770 [main] INFO org.springframework.test.context.support.AnnotationConfigContextLoaderUtils -- Could not detect default configuration classes for test class [de.homelabs.sandbox.SandboxApplicationTests]: SandboxApplicationTests does not declare any static, non-private, non-final, nested classes annotated with @Configuration.
11:26:10.816 [main] INFO org.springframework.boot.test.context.SpringBootTestContextBootstrapper -- Found @SpringBootConfiguration de.homelabs.sandbox.SandboxApplication for test class de.homelabs.sandbox.SandboxApplicationTests

  .   ____          _            __ _ _
 /\\ / ___'_ __ _ _(_)_ __  __ _ \ \ \ \
( ( )\___ | '_ | '_| | '_ \/ _` | \ \ \ \
 \\/  ___)| |_)| | | | | || (_| |  ) ) ) )
  '  |____| .__|_| |_|_| |_\__, | / / / /
 =========|_|==============|___/=/_/_/_/

 :: Spring Boot ::                (v3.3.1)

2024-06-21T11:26:11.055+02:00  INFO 15743 --- [sandbox] [           main] d.h.sandbox.SandboxApplicationTests      : Starting SandboxApplicationTests using Java 22 with PID 15743 (started by sm1rk in /home/sm1rk/projekte/github/sandbox)
2024-06-21T11:26:11.056+02:00  INFO 15743 --- [sandbox] [           main] d.h.sandbox.SandboxApplicationTests      : No active profile set, falling back to 1 default profile: "default"
2024-06-21T11:26:11.663+02:00  INFO 15743 --- [sandbox] [           main] d.h.sandbox.SandboxApplicationTests      : Started SandboxApplicationTests in 0.78 seconds (process running for 1.211)
]]></system-out>
    <system-err><![CDATA[WARNING: A Java agent has been loaded dynamically (/home/sm1rk/.m2/repository/net/bytebuddy/byte-buddy-agent/1.14.17/byte-buddy-agent-1.14.17.jar)
WARNING: If a serviceability tool is in use, please run with -XX:+EnableDynamicAgentLoading to hide this warning
WARNING: If a serviceability tool is not in use, please run with -Djdk.instrument.traceUsage for more information
WARNING: Dynamic loading of agents will be disallowed by default in a future release
]]></system-err>
  </testcase>
</testsuite>